<?xml version="1.0" encoding="UTF-8"?>
<testsuite xmlns:xsi="http://www.w3.org/2001/XMLSchema-instance" xsi:noNamespaceSchemaLocation="https://maven.apache.org/surefire/maven-surefire-plugin/xsd/surefire-test-report-3.0.xsd" version="3.0" name="com.feign.microserviceA.MicroserviceAApplicationTests" time="5.25" tests="1" errors="0" skipped="0" failures="0">
  <properties>
[...]
</properties>
  <testcase name="contextLoads" classname="com.feign.microserviceA.MicroserviceAApplicationTests" time="1.298">
    <system-out><![CDATA[01:11:24.171 [main] INFO org.springframework.test.context.support.AnnotationConfigContextLoaderUtils -- Could not detect default configuration classes for test class [com.feign.microserviceA.MicroserviceAApplicationTests]: MicroserviceAApplicationTests does not declare any static, non-private, non-final, nested classes annotated with @Configuration.
01:11:24.350 [main] INFO org.springframework.boot.test.context.SpringBootTestContextBootstrapper -- Found @SpringBootConfiguration com.feign.microserviceA.MicroserviceAApplication for test class com.feign.microserviceA.MicroserviceAApplicationTests

  .   ____          _            __ _ _
 /\\ / ___'_ __ _ _(_)_ __  __ _ \ \ \ \
( ( )\___ | '_ | '_| | '_ \/ _` | \ \ \ \
 \\/  ___)| |_)| | | | | || (_| |  ) ) ) )
  '  |____| .__|_| |_|_| |_\__, | / / / /
 =========|_|==============|___/=/_/_/_/
 :: Spring Boot ::                (v3.2.2)

2024-02-04T01:11:25.267+05:30  INFO 14608 --- [           main] c.f.m.MicroserviceAApplicationTests      : Starting MicroserviceAApplicationTests using Java 17 with PID 14608 (started by Mohit.Jhankal in C:\Users\mohit.jhankal\Desktop\New folder\feignClient\microservice_a)
2024-02-04T01:11:25.270+05:30  INFO 14608 --- [           main] c.f.m.MicroserviceAApplicationTests      : No active profile set, falling back to 1 default profile: "default"
2024-02-04T01:11:26.580+05:30  INFO 14608 --- [           main] o.s.cloud.context.scope.GenericScope     : BeanFactory id=2ec0510c-91e3-353b-9fb6-537012eca310
2024-02-04T01:11:27.841+05:30  INFO 14608 --- [           main] c.f.m.MicroserviceAApplicationTests      : Started MicroserviceAApplicationTests in 3.203 seconds (process running for 5.166)
]]></system-out>
  </testcase>
</testsuite>